2022.07.10 10:07:29 INFO  tracing is disabled for protocol LSP, to enable tracing of incoming and outgoing JSON messages create an empty file at f:\UCSC Computer Science\2nd Year\First Semester\SCS 2206 - Functional Programming\Practicals\SCS-2208---Functional-Programming\Practical 02\Code\.metals\lsp.trace.json or C:\Users\stdin\AppData\Local\scalameta\metals\cache\lsp.trace.json
2022.07.10 10:07:30 INFO  logging to file F:\UCSC Computer Science\2nd Year\First Semester\SCS 2206 - Functional Programming\Practicals\SCS-2208---Functional-Programming\Practical 02\Code\.metals\metals.log
2022.07.10 10:07:30 INFO  Started: Metals version 0.11.7 in workspace 'F:\UCSC Computer Science\2nd Year\First Semester\SCS 2206 - Functional Programming\Practicals\SCS-2208---Functional-Programming\Practical 02\Code' for client Visual Studio Code 1.68.0.
2022.07.10 10:07:31 INFO  time: initialize in 0.77s
2022.07.10 10:07:31 WARN  Flyway upgrade recommended: H2 2.1.214 is newer than this version of Flyway and support has not been tested. The latest supported version of H2 is 2.1.210.
2022.07.10 10:07:31 WARN  Build server is not auto-connectable.
2022.07.10 10:07:31 WARN  no build tool detected in workspace 'F:\UCSC Computer Science\2nd Year\First Semester\SCS 2206 - Functional Programming\Practicals\SCS-2208---Functional-Programming\Practical 02\Code'. The most common cause for this problem is that the editor was opened in the wrong working directory, for example if you use sbt then the workspace directory should contain build.sbt. 
2022.07.10 10:07:33 WARN  no build target for: F:\UCSC Computer Science\2nd Year\First Semester\SCS 2206 - Functional Programming\Practicals\SCS-2208---Functional-Programming\Practical 02\Code\q1.scala
2022.07.10 10:07:37 INFO  no build target found for F:\UCSC Computer Science\2nd Year\First Semester\SCS 2206 - Functional Programming\Practicals\SCS-2208---Functional-Programming\Practical 02\Code\q1.scala. Using presentation compiler with project's scala-library version: 3.1.3
2022.07.10 10:07:39 INFO  time: code lens generation in 5.02s
2022.07.10 10:11:00 WARN  no build target for: F:\UCSC Computer Science\2nd Year\First Semester\SCS 2206 - Functional Programming\Practicals\SCS-2208---Functional-Programming\Practical 02\Code\q2.scala
2022.07.10 10:11:56 WARN  no build target for: F:\UCSC Computer Science\2nd Year\First Semester\SCS 2206 - Functional Programming\Practicals\SCS-2208---Functional-Programming\Practical 02\Code\q4_a.scala
2022.07.10 10:12:49 WARN  no build target for: F:\UCSC Computer Science\2nd Year\First Semester\SCS 2206 - Functional Programming\Practicals\SCS-2208---Functional-Programming\Practical 02\Code\q4_b.scala
2022.07.10 10:13:43 INFO  shutting down Metals
2022.07.10 12:15:30 INFO  tracing is disabled for protocol LSP, to enable tracing of incoming and outgoing JSON messages create an empty file at f:\UCSC Computer Science\2nd Year\First Semester\SCS 2206 - Functional Programming\Practicals\SCS-2208---Functional-Programming\Practical 02\Code\.metals\lsp.trace.json or C:\Users\stdin\AppData\Local\scalameta\metals\cache\lsp.trace.json
2022.07.10 12:15:31 INFO  logging to file F:\UCSC Computer Science\2nd Year\First Semester\SCS 2206 - Functional Programming\Practicals\SCS-2208---Functional-Programming\Practical 02\Code\.metals\metals.log
2022.07.10 12:15:31 INFO  Started: Metals version 0.11.7 in workspace 'F:\UCSC Computer Science\2nd Year\First Semester\SCS 2206 - Functional Programming\Practicals\SCS-2208---Functional-Programming\Practical 02\Code' for client Visual Studio Code 1.68.0.
2022.07.10 12:15:32 INFO  time: initialize in 0.83s
2022.07.10 12:15:32 WARN  Flyway upgrade recommended: H2 2.1.214 is newer than this version of Flyway and support has not been tested. The latest supported version of H2 is 2.1.210.
2022.07.10 12:15:32 WARN  Build server is not auto-connectable.
2022.07.10 12:15:32 WARN  no build tool detected in workspace 'F:\UCSC Computer Science\2nd Year\First Semester\SCS 2206 - Functional Programming\Practicals\SCS-2208---Functional-Programming\Practical 02\Code'. The most common cause for this problem is that the editor was opened in the wrong working directory, for example if you use sbt then the workspace directory should contain build.sbt. 
2022.07.10 12:15:34 WARN  no build target for: F:\UCSC Computer Science\2nd Year\First Semester\SCS 2206 - Functional Programming\Practicals\SCS-2208---Functional-Programming\Practical 02\Code\q4_b.scala
2022.07.10 12:15:35 WARN  no build target for: F:\UCSC Computer Science\2nd Year\First Semester\SCS 2206 - Functional Programming\Practicals\SCS-2208---Functional-Programming\Practical 02\Code\q3_advance.scala
Jul 10, 2022 12:15:35 PM org.eclipse.lsp4j.jsonrpc.RemoteEndpoint fallbackResponseError
SEVERE: Internal error: java.lang.reflect.InvocationTargetException
java.lang.RuntimeException: java.lang.reflect.InvocationTargetException
	at org.eclipse.lsp4j.jsonrpc.services.GenericEndpoint.lambda$null$0(GenericEndpoint.java:67)
	at org.eclipse.lsp4j.jsonrpc.services.GenericEndpoint.request(GenericEndpoint.java:120)
	at org.eclipse.lsp4j.jsonrpc.RemoteEndpoint.handleRequest(RemoteEndpoint.java:261)
	at org.eclipse.lsp4j.jsonrpc.RemoteEndpoint.consume(RemoteEndpoint.java:190)
	at org.eclipse.lsp4j.jsonrpc.json.StreamMessageProducer.handleMessage(StreamMessageProducer.java:194)
	at org.eclipse.lsp4j.jsonrpc.json.StreamMessageProducer.listen(StreamMessageProducer.java:94)
	at org.eclipse.lsp4j.jsonrpc.json.ConcurrentMessageProcessor.run(ConcurrentMessageProcessor.java:113)
	at java.base/java.util.concurrent.Executors$RunnableAdapter.call(Executors.java:539)
	at java.base/java.util.concurrent.FutureTask.run(FutureTask.java:264)
	at java.base/java.util.concurrent.ThreadPoolExecutor.runWorker(ThreadPoolExecutor.java:1136)
	at java.base/java.util.concurrent.ThreadPoolExecutor$Worker.run(ThreadPoolExecutor.java:635)
	at java.base/java.lang.Thread.run(Thread.java:833)
Caused by: java.lang.reflect.InvocationTargetException
	at java.base/jdk.internal.reflect.DirectMethodHandleAccessor.invoke(DirectMethodHandleAccessor.java:119)
	at java.base/java.lang.reflect.Method.invoke(Method.java:577)
	at org.eclipse.lsp4j.jsonrpc.services.GenericEndpoint.lambda$null$0(GenericEndpoint.java:65)
	... 11 more
Caused by: java.lang.IllegalArgumentException: 34 is not a valid line number, allowed [0..0]
	at scala.meta.internal.inputs.InternalInput.lineToOffset(InternalInput.scala:37)
	at scala.meta.internal.inputs.InternalInput.lineToOffset$(InternalInput.scala:32)
	at scala.meta.inputs.Input$VirtualFile.lineToOffset(Input.scala:80)
	at scala.meta.inputs.Position$Range$.apply(Position.scala:59)
	at scala.meta.internal.mtags.MtagsEnrichments$XtensionPositionLspInverse.toMeta(MtagsEnrichments.scala:179)
	at scala.meta.internal.parsing.Trees.$anonfun$findLastEnclosingAt$4(Trees.scala:77)
	at scala.Option.flatMap(Option.scala:283)
	at scala.meta.internal.parsing.Trees.findLastEnclosingAt(Trees.scala:76)
	at scala.meta.internal.metals.codeactions.PatternMatchRefactor.contribute(PatternMatchRefactor.scala:96)
	at scala.meta.internal.metals.CodeActionProvider$$anonfun$1.applyOrElse(CodeActionProvider.scala:66)
	at scala.meta.internal.metals.CodeActionProvider$$anonfun$1.applyOrElse(CodeActionProvider.scala:65)
	at scala.collection.immutable.List.collect(List.scala:275)
	at scala.meta.internal.metals.CodeActionProvider.codeActions(CodeActionProvider.scala:65)
	at scala.meta.internal.metals.MetalsLanguageServer.$anonfun$codeAction$1(MetalsLanguageServer.scala:1652)
	at scala.meta.internal.metals.CancelTokens$.future(CancelTokens.scala:38)
	at scala.meta.internal.metals.MetalsLanguageServer.codeAction(MetalsLanguageServer.scala:1651)
	at java.base/jdk.internal.reflect.DirectMethodHandleAccessor.invoke(DirectMethodHandleAccessor.java:104)
	... 13 more

Jul 10, 2022 12:15:35 PM org.eclipse.lsp4j.jsonrpc.RemoteEndpoint handleCancellation
WARNING: Unmatched cancel notification for request id 5
2022.07.10 12:15:35 WARN  no build target for: F:\UCSC Computer Science\2nd Year\First Semester\SCS 2206 - Functional Programming\Practicals\SCS-2208---Functional-Programming\Practical 02\Code\q3_advance.scala
2022.07.10 12:15:37 INFO  no build target found for F:\UCSC Computer Science\2nd Year\First Semester\SCS 2206 - Functional Programming\Practicals\SCS-2208---Functional-Programming\Practical 02\Code\q4_b.scala. Using presentation compiler with project's scala-library version: 3.1.3
2022.07.10 12:15:39 INFO  time: code lens generation in 4.46s
2022.07.10 12:15:39 INFO  time: code lens generation in 4.36s
2022.07.10 12:15:39 INFO  time: code lens generation in 4.44s
2022.07.10 12:17:55 INFO  shutting down Metals
