2022.07.13 12:56:18 INFO  tracing is disabled for protocol LSP, to enable tracing of incoming and outgoing JSON messages create an empty file at f:\UCSC Computer Science\2nd Year\First Semester\SCS 2206 - Functional Programming\Practicals\SCS-2208---Functional-Programming\Practical 03\.metals\lsp.trace.json or C:\Users\stdin\AppData\Local\scalameta\metals\cache\lsp.trace.json
2022.07.13 12:56:19 INFO  logging to file F:\UCSC Computer Science\2nd Year\First Semester\SCS 2206 - Functional Programming\Practicals\SCS-2208---Functional-Programming\Practical 03\.metals\metals.log
2022.07.13 12:56:19 INFO  Started: Metals version 0.11.7 in workspace 'F:\UCSC Computer Science\2nd Year\First Semester\SCS 2206 - Functional Programming\Practicals\SCS-2208---Functional-Programming\Practical 03' for client Visual Studio Code 1.68.0.
2022.07.13 12:56:20 INFO  time: initialize in 0.76s
2022.07.13 12:56:20 WARN  Flyway upgrade recommended: H2 2.1.214 is newer than this version of Flyway and support has not been tested. The latest supported version of H2 is 2.1.210.
2022.07.13 12:56:20 WARN  Build server is not auto-connectable.
2022.07.13 12:56:20 WARN  no build tool detected in workspace 'F:\UCSC Computer Science\2nd Year\First Semester\SCS 2206 - Functional Programming\Practicals\SCS-2208---Functional-Programming\Practical 03'. The most common cause for this problem is that the editor was opened in the wrong working directory, for example if you use sbt then the workspace directory should contain build.sbt. 
2022.07.13 12:56:23 WARN  no build target for: F:\UCSC Computer Science\2nd Year\First Semester\SCS 2206 - Functional Programming\Practicals\SCS-2208---Functional-Programming\Practical 03\Q1_b.scala
2022.07.13 12:56:26 INFO  no build target found for F:\UCSC Computer Science\2nd Year\First Semester\SCS 2206 - Functional Programming\Practicals\SCS-2208---Functional-Programming\Practical 03\Q1_b.scala. Using presentation compiler with project's scala-library version: 3.1.3
Jul 13, 2022 12:56:26 PM org.eclipse.lsp4j.jsonrpc.RemoteEndpoint handleCancellation
WARNING: Unmatched cancel notification for request id 2
Jul 13, 2022 12:56:26 PM org.eclipse.lsp4j.jsonrpc.RemoteEndpoint handleCancellation
WARNING: Unmatched cancel notification for request id 6
Jul 13, 2022 12:56:26 PM org.eclipse.lsp4j.jsonrpc.RemoteEndpoint handleCancellation
WARNING: Unmatched cancel notification for request id 8
2022.07.13 12:56:27 INFO  time: code lens generation in 1.36s
2022.07.13 12:56:27 INFO  time: code lens generation in 1.34s
2022.07.13 12:56:30 WARN  no build target for: F:\UCSC Computer Science\2nd Year\First Semester\SCS 2206 - Functional Programming\Practicals\SCS-2208---Functional-Programming\Practical 03\Q1_b.scala
2022.07.13 12:56:33 WARN  no build target for: F:\UCSC Computer Science\2nd Year\First Semester\SCS 2206 - Functional Programming\Practicals\SCS-2208---Functional-Programming\Practical 03\Q1_b.scala
2022.07.13 12:56:35 WARN  no build target for: F:\UCSC Computer Science\2nd Year\First Semester\SCS 2206 - Functional Programming\Practicals\SCS-2208---Functional-Programming\Practical 03\Q1_b.scala
2022.07.13 12:56:37 WARN  no build target for: F:\UCSC Computer Science\2nd Year\First Semester\SCS 2206 - Functional Programming\Practicals\SCS-2208---Functional-Programming\Practical 03\Q1_b.scala
2022.07.13 12:56:45 WARN  no build target for: F:\UCSC Computer Science\2nd Year\First Semester\SCS 2206 - Functional Programming\Practicals\SCS-2208---Functional-Programming\Practical 03\Q1_b.scala
2022.07.13 12:56:46 WARN  no build target for: F:\UCSC Computer Science\2nd Year\First Semester\SCS 2206 - Functional Programming\Practicals\SCS-2208---Functional-Programming\Practical 03\Q1_b.scala
2022.07.13 13:48:59 INFO  shutting down Metals
2022.07.16 22:49:52 INFO  tracing is disabled for protocol LSP, to enable tracing of incoming and outgoing JSON messages create an empty file at f:\UCSC Computer Science\2nd Year\First Semester\SCS 2206 - Functional Programming\Practicals\SCS-2208---Functional-Programming\Practical 03\.metals\lsp.trace.json or C:\Users\stdin\AppData\Local\scalameta\metals\cache\lsp.trace.json
2022.07.16 22:49:53 INFO  logging to file F:\UCSC Computer Science\2nd Year\First Semester\SCS 2206 - Functional Programming\Practicals\SCS-2208---Functional-Programming\Practical 03\.metals\metals.log
2022.07.16 22:49:53 INFO  Started: Metals version 0.11.7 in workspace 'F:\UCSC Computer Science\2nd Year\First Semester\SCS 2206 - Functional Programming\Practicals\SCS-2208---Functional-Programming\Practical 03' for client Visual Studio Code 1.68.0.
2022.07.16 22:49:53 INFO  time: initialize in 0.58s
2022.07.16 22:49:53 WARN  Flyway upgrade recommended: H2 2.1.214 is newer than this version of Flyway and support has not been tested. The latest supported version of H2 is 2.1.210.
2022.07.16 22:49:53 WARN  Build server is not auto-connectable.
2022.07.16 22:49:53 WARN  no build tool detected in workspace 'F:\UCSC Computer Science\2nd Year\First Semester\SCS 2206 - Functional Programming\Practicals\SCS-2208---Functional-Programming\Practical 03'. The most common cause for this problem is that the editor was opened in the wrong working directory, for example if you use sbt then the workspace directory should contain build.sbt. 
2022.07.16 22:49:55 WARN  no build target for: F:\UCSC Computer Science\2nd Year\First Semester\SCS 2206 - Functional Programming\Practicals\SCS-2208---Functional-Programming\Practical 03\Tutorial3.scala
Jul 16, 2022 10:49:55 PM org.eclipse.lsp4j.jsonrpc.RemoteEndpoint handleCancellation
WARNING: Unmatched cancel notification for request id 3
2022.07.16 22:49:59 INFO  no build target found for F:\UCSC Computer Science\2nd Year\First Semester\SCS 2206 - Functional Programming\Practicals\SCS-2208---Functional-Programming\Practical 03\Tutorial3.scala. Using presentation compiler with project's scala-library version: 3.1.3
Jul 16, 2022 10:50:00 PM org.eclipse.lsp4j.jsonrpc.RemoteEndpoint handleCancellation
WARNING: Unmatched cancel notification for request id 1
Jul 16, 2022 10:50:00 PM org.eclipse.lsp4j.jsonrpc.RemoteEndpoint handleCancellation
WARNING: Unmatched cancel notification for request id 8
2022.07.16 22:50:00 WARN  no build target for: F:\UCSC Computer Science\2nd Year\First Semester\SCS 2206 - Functional Programming\Practicals\SCS-2208---Functional-Programming\Practical 03\Tutorial3.scala
Jul 16, 2022 10:50:00 PM org.eclipse.lsp4j.jsonrpc.RemoteEndpoint handleCancellation
WARNING: Unmatched cancel notification for request id 15
Jul 16, 2022 10:50:00 PM org.eclipse.lsp4j.jsonrpc.RemoteEndpoint handleCancellation
WARNING: Unmatched cancel notification for request id 22
Jul 16, 2022 10:50:00 PM org.eclipse.lsp4j.jsonrpc.RemoteEndpoint handleCancellation
WARNING: Unmatched cancel notification for request id 21
2022.07.16 22:50:01 INFO  time: code lens generation in 1.33s
2022.07.16 22:50:01 INFO  time: code lens generation in 1.31s
2022.07.16 22:50:01 INFO  time: code lens generation in 5.54s
2022.07.16 22:50:01 INFO  time: code lens generation in 1.36s
2022.07.16 22:50:01 INFO  time: code lens generation in 1.39s
2022.07.16 22:50:01 INFO  time: code lens generation in 1.38s
2022.07.16 22:50:01 WARN  no build target for: F:\UCSC Computer Science\2nd Year\First Semester\SCS 2206 - Functional Programming\Practicals\SCS-2208---Functional-Programming\Practical 03\Tutorial3.scala
2022.07.16 22:50:05 WARN  no build target for: F:\UCSC Computer Science\2nd Year\First Semester\SCS 2206 - Functional Programming\Practicals\SCS-2208---Functional-Programming\Practical 03\Tutorial3.scala
2022.07.16 22:50:09 WARN  no build target for: F:\UCSC Computer Science\2nd Year\First Semester\SCS 2206 - Functional Programming\Practicals\SCS-2208---Functional-Programming\Practical 03\Tutorial3.scala
2022.07.16 22:50:12 WARN  no build target for: F:\UCSC Computer Science\2nd Year\First Semester\SCS 2206 - Functional Programming\Practicals\SCS-2208---Functional-Programming\Practical 03\Tutorial3.scala
2022.07.16 22:50:14 WARN  no build target for: F:\UCSC Computer Science\2nd Year\First Semester\SCS 2206 - Functional Programming\Practicals\SCS-2208---Functional-Programming\Practical 03\Tutorial3.scala
2022.07.16 22:50:17 WARN  no build target for: F:\UCSC Computer Science\2nd Year\First Semester\SCS 2206 - Functional Programming\Practicals\SCS-2208---Functional-Programming\Practical 03\Tutorial3.scala
2022.07.16 22:50:26 WARN  no build target for: F:\UCSC Computer Science\2nd Year\First Semester\SCS 2206 - Functional Programming\Practicals\SCS-2208---Functional-Programming\Practical 03\Tutorial3.scala
2022.07.16 22:50:35 WARN  no build target for: F:\UCSC Computer Science\2nd Year\First Semester\SCS 2206 - Functional Programming\Practicals\SCS-2208---Functional-Programming\Practical 03\Tutorial3.scala
2022.07.16 22:50:47 WARN  no build target for: F:\UCSC Computer Science\2nd Year\First Semester\SCS 2206 - Functional Programming\Practicals\SCS-2208---Functional-Programming\Practical 03\Tutorial3.scala
2022.07.16 22:50:51 WARN  no build target for: F:\UCSC Computer Science\2nd Year\First Semester\SCS 2206 - Functional Programming\Practicals\SCS-2208---Functional-Programming\Practical 03\Tutorial3.scala
2022.07.16 22:50:54 WARN  no build target for: F:\UCSC Computer Science\2nd Year\First Semester\SCS 2206 - Functional Programming\Practicals\SCS-2208---Functional-Programming\Practical 03\Tutorial3.scala
2022.07.16 22:50:57 WARN  no build target for: F:\UCSC Computer Science\2nd Year\First Semester\SCS 2206 - Functional Programming\Practicals\SCS-2208---Functional-Programming\Practical 03\Tutorial3.scala
2022.07.16 22:51:00 WARN  no build target for: F:\UCSC Computer Science\2nd Year\First Semester\SCS 2206 - Functional Programming\Practicals\SCS-2208---Functional-Programming\Practical 03\Tutorial3.scala
2022.07.16 22:51:03 WARN  no build target for: F:\UCSC Computer Science\2nd Year\First Semester\SCS 2206 - Functional Programming\Practicals\SCS-2208---Functional-Programming\Practical 03\Tutorial3.scala
2022.07.16 22:51:08 WARN  no build target for: F:\UCSC Computer Science\2nd Year\First Semester\SCS 2206 - Functional Programming\Practicals\SCS-2208---Functional-Programming\Practical 03\Tutorial3.scala
2022.07.16 22:51:09 WARN  no build target for: F:\UCSC Computer Science\2nd Year\First Semester\SCS 2206 - Functional Programming\Practicals\SCS-2208---Functional-Programming\Practical 03\Tutorial3.scala
2022.07.16 22:51:17 WARN  no build target for: F:\UCSC Computer Science\2nd Year\First Semester\SCS 2206 - Functional Programming\Practicals\SCS-2208---Functional-Programming\Practical 03\Tutorial3.scala
2022.07.16 22:51:19 WARN  no build target for: F:\UCSC Computer Science\2nd Year\First Semester\SCS 2206 - Functional Programming\Practicals\SCS-2208---Functional-Programming\Practical 03\Tutorial3.scala
2022.07.16 22:51:21 WARN  no build target for: F:\UCSC Computer Science\2nd Year\First Semester\SCS 2206 - Functional Programming\Practicals\SCS-2208---Functional-Programming\Practical 03\Tutorial3.scala
2022.07.16 22:51:24 WARN  no build target for: F:\UCSC Computer Science\2nd Year\First Semester\SCS 2206 - Functional Programming\Practicals\SCS-2208---Functional-Programming\Practical 03\Tutorial3.scala
2022.07.16 22:51:25 WARN  no build target for: F:\UCSC Computer Science\2nd Year\First Semester\SCS 2206 - Functional Programming\Practicals\SCS-2208---Functional-Programming\Practical 03\Tutorial3.scala
2022.07.16 22:51:26 WARN  no build target for: F:\UCSC Computer Science\2nd Year\First Semester\SCS 2206 - Functional Programming\Practicals\SCS-2208---Functional-Programming\Practical 03\Tutorial3.scala
2022.07.16 22:51:29 WARN  no build target for: F:\UCSC Computer Science\2nd Year\First Semester\SCS 2206 - Functional Programming\Practicals\SCS-2208---Functional-Programming\Practical 03\Tutorial3.scala
2022.07.16 22:51:31 WARN  no build target for: F:\UCSC Computer Science\2nd Year\First Semester\SCS 2206 - Functional Programming\Practicals\SCS-2208---Functional-Programming\Practical 03\Tutorial3.scala
2022.07.16 22:51:32 WARN  no build target for: F:\UCSC Computer Science\2nd Year\First Semester\SCS 2206 - Functional Programming\Practicals\SCS-2208---Functional-Programming\Practical 03\Tutorial3.scala
2022.07.16 22:51:34 WARN  no build target for: F:\UCSC Computer Science\2nd Year\First Semester\SCS 2206 - Functional Programming\Practicals\SCS-2208---Functional-Programming\Practical 03\Tutorial3.scala
2022.07.16 22:52:07 WARN  no build target for: F:\UCSC Computer Science\2nd Year\First Semester\SCS 2206 - Functional Programming\Practicals\SCS-2208---Functional-Programming\Practical 03\Tutorial3.scala
2022.07.16 22:52:10 WARN  no build target for: F:\UCSC Computer Science\2nd Year\First Semester\SCS 2206 - Functional Programming\Practicals\SCS-2208---Functional-Programming\Practical 03\Tutorial3.scala
2022.07.16 22:52:16 WARN  no build target for: F:\UCSC Computer Science\2nd Year\First Semester\SCS 2206 - Functional Programming\Practicals\SCS-2208---Functional-Programming\Practical 03\Tutorial3.scala
2022.07.16 22:52:21 WARN  no build target for: F:\UCSC Computer Science\2nd Year\First Semester\SCS 2206 - Functional Programming\Practicals\SCS-2208---Functional-Programming\Practical 03\Tutorial3.scala
2022.07.16 22:52:45 WARN  no build target for: F:\UCSC Computer Science\2nd Year\First Semester\SCS 2206 - Functional Programming\Practicals\SCS-2208---Functional-Programming\Practical 03\Tutorial3.scala
2022.07.16 22:52:47 WARN  no build target for: F:\UCSC Computer Science\2nd Year\First Semester\SCS 2206 - Functional Programming\Practicals\SCS-2208---Functional-Programming\Practical 03\Tutorial3.scala
2022.07.16 22:52:50 WARN  no build target for: F:\UCSC Computer Science\2nd Year\First Semester\SCS 2206 - Functional Programming\Practicals\SCS-2208---Functional-Programming\Practical 03\Tutorial3.scala
2022.07.16 22:52:57 WARN  no build target for: F:\UCSC Computer Science\2nd Year\First Semester\SCS 2206 - Functional Programming\Practicals\SCS-2208---Functional-Programming\Practical 03\Tutorial3.scala
2022.07.16 22:53:01 WARN  no build target for: F:\UCSC Computer Science\2nd Year\First Semester\SCS 2206 - Functional Programming\Practicals\SCS-2208---Functional-Programming\Practical 03\Tutorial3.scala
2022.07.16 22:53:03 WARN  no build target for: F:\UCSC Computer Science\2nd Year\First Semester\SCS 2206 - Functional Programming\Practicals\SCS-2208---Functional-Programming\Practical 03\Tutorial3.scala
2022.07.16 22:53:05 WARN  no build target for: F:\UCSC Computer Science\2nd Year\First Semester\SCS 2206 - Functional Programming\Practicals\SCS-2208---Functional-Programming\Practical 03\Tutorial3.scala
2022.07.16 22:53:10 WARN  no build target for: F:\UCSC Computer Science\2nd Year\First Semester\SCS 2206 - Functional Programming\Practicals\SCS-2208---Functional-Programming\Practical 03\Tutorial3.scala
2022.07.16 22:53:24 WARN  no build target for: F:\UCSC Computer Science\2nd Year\First Semester\SCS 2206 - Functional Programming\Practicals\SCS-2208---Functional-Programming\Practical 03\Tutorial3.scala
2022.07.16 22:53:27 WARN  no build target for: F:\UCSC Computer Science\2nd Year\First Semester\SCS 2206 - Functional Programming\Practicals\SCS-2208---Functional-Programming\Practical 03\Tutorial3.scala
2022.07.16 22:53:39 WARN  no build target for: F:\UCSC Computer Science\2nd Year\First Semester\SCS 2206 - Functional Programming\Practicals\SCS-2208---Functional-Programming\Practical 03\Tutorial3.scala
2022.07.16 22:53:42 WARN  no build target for: F:\UCSC Computer Science\2nd Year\First Semester\SCS 2206 - Functional Programming\Practicals\SCS-2208---Functional-Programming\Practical 03\Tutorial3.scala
2022.07.16 22:53:59 WARN  no build target for: F:\UCSC Computer Science\2nd Year\First Semester\SCS 2206 - Functional Programming\Practicals\SCS-2208---Functional-Programming\Practical 03\Tutorial3.scala
2022.07.16 22:54:01 WARN  no build target for: F:\UCSC Computer Science\2nd Year\First Semester\SCS 2206 - Functional Programming\Practicals\SCS-2208---Functional-Programming\Practical 03\Tutorial3.scala
2022.07.16 22:54:03 WARN  no build target for: F:\UCSC Computer Science\2nd Year\First Semester\SCS 2206 - Functional Programming\Practicals\SCS-2208---Functional-Programming\Practical 03\Tutorial3.scala
2022.07.16 22:54:07 WARN  no build target for: F:\UCSC Computer Science\2nd Year\First Semester\SCS 2206 - Functional Programming\Practicals\SCS-2208---Functional-Programming\Practical 03\Tutorial3.scala
2022.07.16 22:54:10 WARN  no build target for: F:\UCSC Computer Science\2nd Year\First Semester\SCS 2206 - Functional Programming\Practicals\SCS-2208---Functional-Programming\Practical 03\Tutorial3.scala
2022.07.16 22:54:19 WARN  no build target for: F:\UCSC Computer Science\2nd Year\First Semester\SCS 2206 - Functional Programming\Practicals\SCS-2208---Functional-Programming\Practical 03\Tutorial3.scala
2022.07.16 22:54:29 WARN  no build target for: F:\UCSC Computer Science\2nd Year\First Semester\SCS 2206 - Functional Programming\Practicals\SCS-2208---Functional-Programming\Practical 03\Tutorial3.scala
2022.07.16 22:54:37 WARN  no build target for: F:\UCSC Computer Science\2nd Year\First Semester\SCS 2206 - Functional Programming\Practicals\SCS-2208---Functional-Programming\Practical 03\Tutorial3.scala
2022.07.16 22:54:40 WARN  no build target for: F:\UCSC Computer Science\2nd Year\First Semester\SCS 2206 - Functional Programming\Practicals\SCS-2208---Functional-Programming\Practical 03\Tutorial3.scala
2022.07.16 22:54:44 WARN  no build target for: F:\UCSC Computer Science\2nd Year\First Semester\SCS 2206 - Functional Programming\Practicals\SCS-2208---Functional-Programming\Practical 03\Tutorial3.scala
2022.07.16 22:54:46 WARN  no build target for: F:\UCSC Computer Science\2nd Year\First Semester\SCS 2206 - Functional Programming\Practicals\SCS-2208---Functional-Programming\Practical 03\Tutorial3.scala
2022.07.16 22:55:08 WARN  no build target for: F:\UCSC Computer Science\2nd Year\First Semester\SCS 2206 - Functional Programming\Practicals\SCS-2208---Functional-Programming\Practical 03\Tutorial3.scala
2022.07.16 22:55:11 WARN  no build target for: F:\UCSC Computer Science\2nd Year\First Semester\SCS 2206 - Functional Programming\Practicals\SCS-2208---Functional-Programming\Practical 03\Tutorial3.scala
2022.07.16 22:55:19 WARN  no build target for: F:\UCSC Computer Science\2nd Year\First Semester\SCS 2206 - Functional Programming\Practicals\SCS-2208---Functional-Programming\Practical 03\Tutorial3.scala
2022.07.16 22:55:31 WARN  no build target for: F:\UCSC Computer Science\2nd Year\First Semester\SCS 2206 - Functional Programming\Practicals\SCS-2208---Functional-Programming\Practical 03\Tutorial3.scala
2022.07.16 22:55:33 WARN  no build target for: F:\UCSC Computer Science\2nd Year\First Semester\SCS 2206 - Functional Programming\Practicals\SCS-2208---Functional-Programming\Practical 03\Tutorial3.scala
2022.07.16 22:55:35 WARN  no build target for: F:\UCSC Computer Science\2nd Year\First Semester\SCS 2206 - Functional Programming\Practicals\SCS-2208---Functional-Programming\Practical 03\Tutorial3.scala
2022.07.16 22:57:00 WARN  no build target for: F:\UCSC Computer Science\2nd Year\First Semester\SCS 2206 - Functional Programming\Practicals\SCS-2208---Functional-Programming\Practical 03\Tutorial3.scala
2022.07.16 22:57:06 WARN  no build target for: F:\UCSC Computer Science\2nd Year\First Semester\SCS 2206 - Functional Programming\Practicals\SCS-2208---Functional-Programming\Practical 03\Tutorial3.scala
2022.07.16 22:57:09 WARN  no build target for: F:\UCSC Computer Science\2nd Year\First Semester\SCS 2206 - Functional Programming\Practicals\SCS-2208---Functional-Programming\Practical 03\Tutorial3.scala
2022.07.16 22:57:12 WARN  no build target for: F:\UCSC Computer Science\2nd Year\First Semester\SCS 2206 - Functional Programming\Practicals\SCS-2208---Functional-Programming\Practical 03\Tutorial3.scala
2022.07.16 22:57:17 WARN  no build target for: F:\UCSC Computer Science\2nd Year\First Semester\SCS 2206 - Functional Programming\Practicals\SCS-2208---Functional-Programming\Practical 03\Tutorial3.scala
2022.07.16 22:57:20 WARN  no build target for: F:\UCSC Computer Science\2nd Year\First Semester\SCS 2206 - Functional Programming\Practicals\SCS-2208---Functional-Programming\Practical 03\Tutorial3.scala
2022.07.16 22:57:23 WARN  no build target for: F:\UCSC Computer Science\2nd Year\First Semester\SCS 2206 - Functional Programming\Practicals\SCS-2208---Functional-Programming\Practical 03\Tutorial3.scala
2022.07.16 22:57:31 WARN  no build target for: F:\UCSC Computer Science\2nd Year\First Semester\SCS 2206 - Functional Programming\Practicals\SCS-2208---Functional-Programming\Practical 03\Tutorial3.scala
2022.07.16 22:57:32 WARN  no build target for: F:\UCSC Computer Science\2nd Year\First Semester\SCS 2206 - Functional Programming\Practicals\SCS-2208---Functional-Programming\Practical 03\Tutorial3.scala
2022.07.16 22:57:34 WARN  no build target for: F:\UCSC Computer Science\2nd Year\First Semester\SCS 2206 - Functional Programming\Practicals\SCS-2208---Functional-Programming\Practical 03\Tutorial3.scala
2022.07.16 22:57:40 WARN  no build target for: F:\UCSC Computer Science\2nd Year\First Semester\SCS 2206 - Functional Programming\Practicals\SCS-2208---Functional-Programming\Practical 03\Tutorial3.scala
2022.07.16 22:58:03 WARN  no build target for: F:\UCSC Computer Science\2nd Year\First Semester\SCS 2206 - Functional Programming\Practicals\SCS-2208---Functional-Programming\Practical 03\Tutorial3.scala
2022.07.16 22:58:05 WARN  no build target for: F:\UCSC Computer Science\2nd Year\First Semester\SCS 2206 - Functional Programming\Practicals\SCS-2208---Functional-Programming\Practical 03\Tutorial3.scala
2022.07.16 22:58:08 WARN  no build target for: F:\UCSC Computer Science\2nd Year\First Semester\SCS 2206 - Functional Programming\Practicals\SCS-2208---Functional-Programming\Practical 03\Tutorial3.scala
2022.07.16 22:58:18 WARN  no build target for: F:\UCSC Computer Science\2nd Year\First Semester\SCS 2206 - Functional Programming\Practicals\SCS-2208---Functional-Programming\Practical 03\Tutorial3.scala
2022.07.16 22:58:26 WARN  no build target for: F:\UCSC Computer Science\2nd Year\First Semester\SCS 2206 - Functional Programming\Practicals\SCS-2208---Functional-Programming\Practical 03\Tutorial3.scala
2022.07.16 22:58:32 WARN  no build target for: F:\UCSC Computer Science\2nd Year\First Semester\SCS 2206 - Functional Programming\Practicals\SCS-2208---Functional-Programming\Practical 03\Tutorial3.scala
2022.07.16 22:58:42 WARN  no build target for: F:\UCSC Computer Science\2nd Year\First Semester\SCS 2206 - Functional Programming\Practicals\SCS-2208---Functional-Programming\Practical 03\Tutorial3.scala
2022.07.16 22:58:45 WARN  no build target for: F:\UCSC Computer Science\2nd Year\First Semester\SCS 2206 - Functional Programming\Practicals\SCS-2208---Functional-Programming\Practical 03\Tutorial3.scala
2022.07.16 22:58:50 WARN  no build target for: F:\UCSC Computer Science\2nd Year\First Semester\SCS 2206 - Functional Programming\Practicals\SCS-2208---Functional-Programming\Practical 03\Tutorial3.scala
2022.07.16 22:58:52 WARN  no build target for: F:\UCSC Computer Science\2nd Year\First Semester\SCS 2206 - Functional Programming\Practicals\SCS-2208---Functional-Programming\Practical 03\Tutorial3.scala
2022.07.16 22:58:55 WARN  no build target for: F:\UCSC Computer Science\2nd Year\First Semester\SCS 2206 - Functional Programming\Practicals\SCS-2208---Functional-Programming\Practical 03\Tutorial3.scala
2022.07.16 22:59:00 WARN  no build target for: F:\UCSC Computer Science\2nd Year\First Semester\SCS 2206 - Functional Programming\Practicals\SCS-2208---Functional-Programming\Practical 03\Tutorial3.scala
2022.07.16 22:59:04 WARN  no build target for: F:\UCSC Computer Science\2nd Year\First Semester\SCS 2206 - Functional Programming\Practicals\SCS-2208---Functional-Programming\Practical 03\Tutorial3.scala
2022.07.16 22:59:07 WARN  no build target for: F:\UCSC Computer Science\2nd Year\First Semester\SCS 2206 - Functional Programming\Practicals\SCS-2208---Functional-Programming\Practical 03\Tutorial3.scala
2022.07.16 22:59:09 WARN  no build target for: F:\UCSC Computer Science\2nd Year\First Semester\SCS 2206 - Functional Programming\Practicals\SCS-2208---Functional-Programming\Practical 03\Tutorial3.scala
2022.07.16 22:59:13 WARN  no build target for: F:\UCSC Computer Science\2nd Year\First Semester\SCS 2206 - Functional Programming\Practicals\SCS-2208---Functional-Programming\Practical 03\Tutorial3.scala
2022.07.16 22:59:16 WARN  no build target for: F:\UCSC Computer Science\2nd Year\First Semester\SCS 2206 - Functional Programming\Practicals\SCS-2208---Functional-Programming\Practical 03\Tutorial3.scala
2022.07.16 22:59:21 WARN  no build target for: F:\UCSC Computer Science\2nd Year\First Semester\SCS 2206 - Functional Programming\Practicals\SCS-2208---Functional-Programming\Practical 03\Tutorial3.scala
2022.07.16 22:59:25 WARN  no build target for: F:\UCSC Computer Science\2nd Year\First Semester\SCS 2206 - Functional Programming\Practicals\SCS-2208---Functional-Programming\Practical 03\Tutorial3.scala
2022.07.16 22:59:30 WARN  no build target for: F:\UCSC Computer Science\2nd Year\First Semester\SCS 2206 - Functional Programming\Practicals\SCS-2208---Functional-Programming\Practical 03\Tutorial3.scala
2022.07.16 22:59:36 WARN  no build target for: F:\UCSC Computer Science\2nd Year\First Semester\SCS 2206 - Functional Programming\Practicals\SCS-2208---Functional-Programming\Practical 03\Tutorial3.scala
2022.07.16 23:01:33 WARN  no build target for: F:\UCSC Computer Science\2nd Year\First Semester\SCS 2206 - Functional Programming\Practicals\SCS-2208---Functional-Programming\Practical 03\Tutorial3.scala
2022.07.16 23:01:49 WARN  no build target for: F:\UCSC Computer Science\2nd Year\First Semester\SCS 2206 - Functional Programming\Practicals\SCS-2208---Functional-Programming\Practical 03\Tutorial3.scala
2022.07.16 23:01:58 WARN  no build target for: F:\UCSC Computer Science\2nd Year\First Semester\SCS 2206 - Functional Programming\Practicals\SCS-2208---Functional-Programming\Practical 03\Tutorial3.scala
2022.07.16 23:02:22 WARN  no build target for: F:\UCSC Computer Science\2nd Year\First Semester\SCS 2206 - Functional Programming\Practicals\SCS-2208---Functional-Programming\Practical 03\Tutorial3.scala
2022.07.16 23:02:37 WARN  no build target for: F:\UCSC Computer Science\2nd Year\First Semester\SCS 2206 - Functional Programming\Practicals\SCS-2208---Functional-Programming\Practical 03\Tutorial3.scala
2022.07.16 23:02:42 WARN  no build target for: F:\UCSC Computer Science\2nd Year\First Semester\SCS 2206 - Functional Programming\Practicals\SCS-2208---Functional-Programming\Practical 03\Tutorial3.scala
2022.07.16 23:02:43 WARN  no build target for: F:\UCSC Computer Science\2nd Year\First Semester\SCS 2206 - Functional Programming\Practicals\SCS-2208---Functional-Programming\Practical 03\Tutorial3.scala
2022.07.16 23:02:45 WARN  no build target for: F:\UCSC Computer Science\2nd Year\First Semester\SCS 2206 - Functional Programming\Practicals\SCS-2208---Functional-Programming\Practical 03\Tutorial3.scala
2022.07.16 23:02:49 WARN  no build target for: F:\UCSC Computer Science\2nd Year\First Semester\SCS 2206 - Functional Programming\Practicals\SCS-2208---Functional-Programming\Practical 03\Tutorial3.scala
2022.07.16 23:02:54 WARN  no build target for: F:\UCSC Computer Science\2nd Year\First Semester\SCS 2206 - Functional Programming\Practicals\SCS-2208---Functional-Programming\Practical 03\Tutorial3.scala
2022.07.16 23:03:02 WARN  no build target for: F:\UCSC Computer Science\2nd Year\First Semester\SCS 2206 - Functional Programming\Practicals\SCS-2208---Functional-Programming\Practical 03\Tutorial3.scala
2022.07.16 23:03:04 WARN  no build target for: F:\UCSC Computer Science\2nd Year\First Semester\SCS 2206 - Functional Programming\Practicals\SCS-2208---Functional-Programming\Practical 03\Tutorial3.scala
2022.07.16 23:03:09 WARN  no build target for: F:\UCSC Computer Science\2nd Year\First Semester\SCS 2206 - Functional Programming\Practicals\SCS-2208---Functional-Programming\Practical 03\Tutorial3.scala
2022.07.16 23:04:06 WARN  no build target for: F:\UCSC Computer Science\2nd Year\First Semester\SCS 2206 - Functional Programming\Practicals\SCS-2208---Functional-Programming\Practical 03\Tutorial3.scala
2022.07.16 23:04:13 WARN  no build target for: F:\UCSC Computer Science\2nd Year\First Semester\SCS 2206 - Functional Programming\Practicals\SCS-2208---Functional-Programming\Practical 03\Tutorial3.scala
2022.07.16 23:04:16 WARN  no build target for: F:\UCSC Computer Science\2nd Year\First Semester\SCS 2206 - Functional Programming\Practicals\SCS-2208---Functional-Programming\Practical 03\Tutorial3.scala
2022.07.16 23:04:21 WARN  no build target for: F:\UCSC Computer Science\2nd Year\First Semester\SCS 2206 - Functional Programming\Practicals\SCS-2208---Functional-Programming\Practical 03\Tutorial3.scala
2022.07.16 23:04:25 WARN  no build target for: F:\UCSC Computer Science\2nd Year\First Semester\SCS 2206 - Functional Programming\Practicals\SCS-2208---Functional-Programming\Practical 03\Tutorial3.scala
2022.07.16 23:04:35 WARN  no build target for: F:\UCSC Computer Science\2nd Year\First Semester\SCS 2206 - Functional Programming\Practicals\SCS-2208---Functional-Programming\Practical 03\Tutorial3.scala
2022.07.16 23:04:38 WARN  no build target for: F:\UCSC Computer Science\2nd Year\First Semester\SCS 2206 - Functional Programming\Practicals\SCS-2208---Functional-Programming\Practical 03\Tutorial3.scala
2022.07.16 23:04:39 WARN  no build target for: F:\UCSC Computer Science\2nd Year\First Semester\SCS 2206 - Functional Programming\Practicals\SCS-2208---Functional-Programming\Practical 03\Tutorial3.scala
2022.07.16 23:04:47 WARN  no build target for: F:\UCSC Computer Science\2nd Year\First Semester\SCS 2206 - Functional Programming\Practicals\SCS-2208---Functional-Programming\Practical 03\Tutorial3.scala
2022.07.16 23:04:51 WARN  no build target for: F:\UCSC Computer Science\2nd Year\First Semester\SCS 2206 - Functional Programming\Practicals\SCS-2208---Functional-Programming\Practical 03\Tutorial3.scala
2022.07.16 23:05:16 WARN  no build target for: F:\UCSC Computer Science\2nd Year\First Semester\SCS 2206 - Functional Programming\Practicals\SCS-2208---Functional-Programming\Practical 03\Tutorial3.scala
2022.07.16 23:05:18 WARN  no build target for: F:\UCSC Computer Science\2nd Year\First Semester\SCS 2206 - Functional Programming\Practicals\SCS-2208---Functional-Programming\Practical 03\Tutorial3.scala
2022.07.16 23:05:22 WARN  no build target for: F:\UCSC Computer Science\2nd Year\First Semester\SCS 2206 - Functional Programming\Practicals\SCS-2208---Functional-Programming\Practical 03\Tutorial3.scala
2022.07.16 23:05:43 WARN  no build target for: F:\UCSC Computer Science\2nd Year\First Semester\SCS 2206 - Functional Programming\Practicals\SCS-2208---Functional-Programming\Practical 03\Tutorial3.scala
2022.07.16 23:05:46 WARN  no build target for: F:\UCSC Computer Science\2nd Year\First Semester\SCS 2206 - Functional Programming\Practicals\SCS-2208---Functional-Programming\Practical 03\Tutorial3.scala
2022.07.16 23:05:48 WARN  no build target for: F:\UCSC Computer Science\2nd Year\First Semester\SCS 2206 - Functional Programming\Practicals\SCS-2208---Functional-Programming\Practical 03\Tutorial3.scala
2022.07.16 23:05:49 WARN  no build target for: F:\UCSC Computer Science\2nd Year\First Semester\SCS 2206 - Functional Programming\Practicals\SCS-2208---Functional-Programming\Practical 03\Tutorial3.scala
2022.07.16 23:05:52 WARN  no build target for: F:\UCSC Computer Science\2nd Year\First Semester\SCS 2206 - Functional Programming\Practicals\SCS-2208---Functional-Programming\Practical 03\Tutorial3.scala
2022.07.16 23:05:53 WARN  no build target for: F:\UCSC Computer Science\2nd Year\First Semester\SCS 2206 - Functional Programming\Practicals\SCS-2208---Functional-Programming\Practical 03\Tutorial3.scala
2022.07.16 23:05:56 WARN  no build target for: F:\UCSC Computer Science\2nd Year\First Semester\SCS 2206 - Functional Programming\Practicals\SCS-2208---Functional-Programming\Practical 03\Tutorial3.scala
2022.07.16 23:06:05 WARN  no build target for: F:\UCSC Computer Science\2nd Year\First Semester\SCS 2206 - Functional Programming\Practicals\SCS-2208---Functional-Programming\Practical 03\Tutorial3.scala
2022.07.16 23:06:07 WARN  no build target for: F:\UCSC Computer Science\2nd Year\First Semester\SCS 2206 - Functional Programming\Practicals\SCS-2208---Functional-Programming\Practical 03\Tutorial3.scala
2022.07.16 23:06:11 WARN  no build target for: F:\UCSC Computer Science\2nd Year\First Semester\SCS 2206 - Functional Programming\Practicals\SCS-2208---Functional-Programming\Practical 03\Tutorial3.scala
2022.07.16 23:06:13 WARN  no build target for: F:\UCSC Computer Science\2nd Year\First Semester\SCS 2206 - Functional Programming\Practicals\SCS-2208---Functional-Programming\Practical 03\Tutorial3.scala
2022.07.16 23:07:03 WARN  no build target for: F:\UCSC Computer Science\2nd Year\First Semester\SCS 2206 - Functional Programming\Practicals\SCS-2208---Functional-Programming\Practical 03\Tutorial3.scala
2022.07.16 23:07:06 WARN  no build target for: F:\UCSC Computer Science\2nd Year\First Semester\SCS 2206 - Functional Programming\Practicals\SCS-2208---Functional-Programming\Practical 03\Tutorial3.scala
2022.07.16 23:07:11 WARN  no build target for: F:\UCSC Computer Science\2nd Year\First Semester\SCS 2206 - Functional Programming\Practicals\SCS-2208---Functional-Programming\Practical 03\Tutorial3.scala
2022.07.16 23:07:24 WARN  no build target for: F:\UCSC Computer Science\2nd Year\First Semester\SCS 2206 - Functional Programming\Practicals\SCS-2208---Functional-Programming\Practical 03\Tutorial3.scala
2022.07.16 23:07:46 WARN  no build target for: F:\UCSC Computer Science\2nd Year\First Semester\SCS 2206 - Functional Programming\Practicals\SCS-2208---Functional-Programming\Practical 03\Tutorial3.scala
2022.07.16 23:07:50 WARN  no build target for: F:\UCSC Computer Science\2nd Year\First Semester\SCS 2206 - Functional Programming\Practicals\SCS-2208---Functional-Programming\Practical 03\Tutorial3.scala
2022.07.16 23:07:54 WARN  no build target for: F:\UCSC Computer Science\2nd Year\First Semester\SCS 2206 - Functional Programming\Practicals\SCS-2208---Functional-Programming\Practical 03\Tutorial3.scala
2022.07.16 23:08:05 WARN  no build target for: F:\UCSC Computer Science\2nd Year\First Semester\SCS 2206 - Functional Programming\Practicals\SCS-2208---Functional-Programming\Practical 03\Tutorial3.scala
2022.07.16 23:08:08 WARN  no build target for: F:\UCSC Computer Science\2nd Year\First Semester\SCS 2206 - Functional Programming\Practicals\SCS-2208---Functional-Programming\Practical 03\Tutorial3.scala
2022.07.16 23:08:10 WARN  no build target for: F:\UCSC Computer Science\2nd Year\First Semester\SCS 2206 - Functional Programming\Practicals\SCS-2208---Functional-Programming\Practical 03\Tutorial3.scala
2022.07.16 23:08:17 WARN  no build target for: F:\UCSC Computer Science\2nd Year\First Semester\SCS 2206 - Functional Programming\Practicals\SCS-2208---Functional-Programming\Practical 03\Tutorial3.scala
2022.07.16 23:08:20 WARN  no build target for: F:\UCSC Computer Science\2nd Year\First Semester\SCS 2206 - Functional Programming\Practicals\SCS-2208---Functional-Programming\Practical 03\Tutorial3.scala
2022.07.16 23:08:23 WARN  no build target for: F:\UCSC Computer Science\2nd Year\First Semester\SCS 2206 - Functional Programming\Practicals\SCS-2208---Functional-Programming\Practical 03\Tutorial3.scala
2022.07.16 23:08:25 WARN  no build target for: F:\UCSC Computer Science\2nd Year\First Semester\SCS 2206 - Functional Programming\Practicals\SCS-2208---Functional-Programming\Practical 03\Tutorial3.scala
2022.07.16 23:08:30 WARN  no build target for: F:\UCSC Computer Science\2nd Year\First Semester\SCS 2206 - Functional Programming\Practicals\SCS-2208---Functional-Programming\Practical 03\Tutorial3.scala
2022.07.16 23:08:31 WARN  no build target for: F:\UCSC Computer Science\2nd Year\First Semester\SCS 2206 - Functional Programming\Practicals\SCS-2208---Functional-Programming\Practical 03\Tutorial3.scala
2022.07.16 23:08:33 WARN  no build target for: F:\UCSC Computer Science\2nd Year\First Semester\SCS 2206 - Functional Programming\Practicals\SCS-2208---Functional-Programming\Practical 03\Tutorial3.scala
2022.07.16 23:08:36 WARN  no build target for: F:\UCSC Computer Science\2nd Year\First Semester\SCS 2206 - Functional Programming\Practicals\SCS-2208---Functional-Programming\Practical 03\Tutorial3.scala
2022.07.16 23:08:43 WARN  no build target for: F:\UCSC Computer Science\2nd Year\First Semester\SCS 2206 - Functional Programming\Practicals\SCS-2208---Functional-Programming\Practical 03\Tutorial3.scala
2022.07.16 23:08:49 WARN  no build target for: F:\UCSC Computer Science\2nd Year\First Semester\SCS 2206 - Functional Programming\Practicals\SCS-2208---Functional-Programming\Practical 03\Tutorial3.scala
2022.07.16 23:08:49 WARN  no build target for: F:\UCSC Computer Science\2nd Year\First Semester\SCS 2206 - Functional Programming\Practicals\SCS-2208---Functional-Programming\Practical 03\Tutorial3.scala
2022.07.16 23:09:02 WARN  no build target for: F:\UCSC Computer Science\2nd Year\First Semester\SCS 2206 - Functional Programming\Practicals\SCS-2208---Functional-Programming\Practical 03\Tutorial3.scala
2022.07.16 23:09:03 WARN  no build target for: F:\UCSC Computer Science\2nd Year\First Semester\SCS 2206 - Functional Programming\Practicals\SCS-2208---Functional-Programming\Practical 03\Tutorial3.scala
2022.07.16 23:09:08 WARN  no build target for: F:\UCSC Computer Science\2nd Year\First Semester\SCS 2206 - Functional Programming\Practicals\SCS-2208---Functional-Programming\Practical 03\Tutorial3.scala
2022.07.16 23:09:09 WARN  no build target for: F:\UCSC Computer Science\2nd Year\First Semester\SCS 2206 - Functional Programming\Practicals\SCS-2208---Functional-Programming\Practical 03\Tutorial3.scala
2022.07.16 23:09:12 WARN  no build target for: F:\UCSC Computer Science\2nd Year\First Semester\SCS 2206 - Functional Programming\Practicals\SCS-2208---Functional-Programming\Practical 03\Tutorial3.scala
2022.07.16 23:09:42 WARN  no build target for: F:\UCSC Computer Science\2nd Year\First Semester\SCS 2206 - Functional Programming\Practicals\SCS-2208---Functional-Programming\Practical 03\Tutorial3.scala
2022.07.16 23:09:43 WARN  no build target for: F:\UCSC Computer Science\2nd Year\First Semester\SCS 2206 - Functional Programming\Practicals\SCS-2208---Functional-Programming\Practical 03\Tutorial3.scala
2022.07.16 23:10:13 WARN  no build target for: F:\UCSC Computer Science\2nd Year\First Semester\SCS 2206 - Functional Programming\Practicals\SCS-2208---Functional-Programming\Practical 03\Tutorial3.scala
2022.07.16 23:10:22 WARN  no build target for: F:\UCSC Computer Science\2nd Year\First Semester\SCS 2206 - Functional Programming\Practicals\SCS-2208---Functional-Programming\Practical 03\Tutorial3.scala
2022.07.16 23:10:24 WARN  no build target for: F:\UCSC Computer Science\2nd Year\First Semester\SCS 2206 - Functional Programming\Practicals\SCS-2208---Functional-Programming\Practical 03\Tutorial3.scala
2022.07.16 23:10:30 WARN  no build target for: F:\UCSC Computer Science\2nd Year\First Semester\SCS 2206 - Functional Programming\Practicals\SCS-2208---Functional-Programming\Practical 03\Tutorial3.scala
2022.07.16 23:10:37 WARN  no build target for: F:\UCSC Computer Science\2nd Year\First Semester\SCS 2206 - Functional Programming\Practicals\SCS-2208---Functional-Programming\Practical 03\Tutorial3.scala
2022.07.16 23:10:41 WARN  no build target for: F:\UCSC Computer Science\2nd Year\First Semester\SCS 2206 - Functional Programming\Practicals\SCS-2208---Functional-Programming\Practical 03\Tutorial3.scala
2022.07.16 23:10:44 WARN  no build target for: F:\UCSC Computer Science\2nd Year\First Semester\SCS 2206 - Functional Programming\Practicals\SCS-2208---Functional-Programming\Practical 03\Tutorial3.scala
2022.07.16 23:10:48 WARN  no build target for: F:\UCSC Computer Science\2nd Year\First Semester\SCS 2206 - Functional Programming\Practicals\SCS-2208---Functional-Programming\Practical 03\Tutorial3.scala
2022.07.16 23:10:58 WARN  no build target for: F:\UCSC Computer Science\2nd Year\First Semester\SCS 2206 - Functional Programming\Practicals\SCS-2208---Functional-Programming\Practical 03\Tutorial3.scala
2022.07.16 23:11:01 WARN  no build target for: F:\UCSC Computer Science\2nd Year\First Semester\SCS 2206 - Functional Programming\Practicals\SCS-2208---Functional-Programming\Practical 03\Tutorial3.scala
2022.07.16 23:11:02 WARN  no build target for: F:\UCSC Computer Science\2nd Year\First Semester\SCS 2206 - Functional Programming\Practicals\SCS-2208---Functional-Programming\Practical 03\Tutorial3.scala
2022.07.16 23:11:10 WARN  no build target for: F:\UCSC Computer Science\2nd Year\First Semester\SCS 2206 - Functional Programming\Practicals\SCS-2208---Functional-Programming\Practical 03\Tutorial3.scala
2022.07.16 23:11:13 WARN  no build target for: F:\UCSC Computer Science\2nd Year\First Semester\SCS 2206 - Functional Programming\Practicals\SCS-2208---Functional-Programming\Practical 03\Tutorial3.scala
2022.07.16 23:11:14 WARN  no build target for: F:\UCSC Computer Science\2nd Year\First Semester\SCS 2206 - Functional Programming\Practicals\SCS-2208---Functional-Programming\Practical 03\Tutorial3.scala
2022.07.16 23:11:24 WARN  no build target for: F:\UCSC Computer Science\2nd Year\First Semester\SCS 2206 - Functional Programming\Practicals\SCS-2208---Functional-Programming\Practical 03\Tutorial3.scala
2022.07.16 23:11:25 WARN  no build target for: F:\UCSC Computer Science\2nd Year\First Semester\SCS 2206 - Functional Programming\Practicals\SCS-2208---Functional-Programming\Practical 03\Tutorial3.scala
2022.07.16 23:11:28 WARN  no build target for: F:\UCSC Computer Science\2nd Year\First Semester\SCS 2206 - Functional Programming\Practicals\SCS-2208---Functional-Programming\Practical 03\Tutorial3.scala
2022.07.16 23:11:42 WARN  no build target for: F:\UCSC Computer Science\2nd Year\First Semester\SCS 2206 - Functional Programming\Practicals\SCS-2208---Functional-Programming\Practical 03\Tutorial3.scala
2022.07.16 23:11:44 WARN  no build target for: F:\UCSC Computer Science\2nd Year\First Semester\SCS 2206 - Functional Programming\Practicals\SCS-2208---Functional-Programming\Practical 03\Tutorial3.scala
2022.07.16 23:11:46 WARN  no build target for: F:\UCSC Computer Science\2nd Year\First Semester\SCS 2206 - Functional Programming\Practicals\SCS-2208---Functional-Programming\Practical 03\Tutorial3.scala
2022.07.16 23:11:49 WARN  no build target for: F:\UCSC Computer Science\2nd Year\First Semester\SCS 2206 - Functional Programming\Practicals\SCS-2208---Functional-Programming\Practical 03\Tutorial3.scala
2022.07.16 23:11:57 WARN  no build target for: F:\UCSC Computer Science\2nd Year\First Semester\SCS 2206 - Functional Programming\Practicals\SCS-2208---Functional-Programming\Practical 03\Tutorial3.scala
2022.07.16 23:11:59 WARN  no build target for: F:\UCSC Computer Science\2nd Year\First Semester\SCS 2206 - Functional Programming\Practicals\SCS-2208---Functional-Programming\Practical 03\Tutorial3.scala
2022.07.16 23:12:02 WARN  no build target for: F:\UCSC Computer Science\2nd Year\First Semester\SCS 2206 - Functional Programming\Practicals\SCS-2208---Functional-Programming\Practical 03\Tutorial3.scala
2022.07.16 23:12:12 WARN  no build target for: F:\UCSC Computer Science\2nd Year\First Semester\SCS 2206 - Functional Programming\Practicals\SCS-2208---Functional-Programming\Practical 03\Tutorial3.scala
2022.07.16 23:12:17 WARN  no build target for: F:\UCSC Computer Science\2nd Year\First Semester\SCS 2206 - Functional Programming\Practicals\SCS-2208---Functional-Programming\Practical 03\Tutorial3.scala
2022.07.16 23:12:17 WARN  no build target for: F:\UCSC Computer Science\2nd Year\First Semester\SCS 2206 - Functional Programming\Practicals\SCS-2208---Functional-Programming\Practical 03\Tutorial3.scala
2022.07.16 23:12:27 WARN  no build target for: F:\UCSC Computer Science\2nd Year\First Semester\SCS 2206 - Functional Programming\Practicals\SCS-2208---Functional-Programming\Practical 03\Tutorial3.scala
2022.07.16 23:12:29 WARN  no build target for: F:\UCSC Computer Science\2nd Year\First Semester\SCS 2206 - Functional Programming\Practicals\SCS-2208---Functional-Programming\Practical 03\Tutorial3.scala
2022.07.16 23:12:32 WARN  no build target for: F:\UCSC Computer Science\2nd Year\First Semester\SCS 2206 - Functional Programming\Practicals\SCS-2208---Functional-Programming\Practical 03\Tutorial3.scala
2022.07.16 23:12:42 WARN  no build target for: F:\UCSC Computer Science\2nd Year\First Semester\SCS 2206 - Functional Programming\Practicals\SCS-2208---Functional-Programming\Practical 03\Tutorial3.scala
2022.07.16 23:12:46 WARN  no build target for: F:\UCSC Computer Science\2nd Year\First Semester\SCS 2206 - Functional Programming\Practicals\SCS-2208---Functional-Programming\Practical 03\Tutorial3.scala
2022.07.16 23:12:48 WARN  no build target for: F:\UCSC Computer Science\2nd Year\First Semester\SCS 2206 - Functional Programming\Practicals\SCS-2208---Functional-Programming\Practical 03\Tutorial3.scala
2022.07.16 23:12:50 WARN  no build target for: F:\UCSC Computer Science\2nd Year\First Semester\SCS 2206 - Functional Programming\Practicals\SCS-2208---Functional-Programming\Practical 03\Tutorial3.scala
2022.07.16 23:13:04 WARN  no build target for: F:\UCSC Computer Science\2nd Year\First Semester\SCS 2206 - Functional Programming\Practicals\SCS-2208---Functional-Programming\Practical 03\Tutorial3.scala
2022.07.16 23:13:07 WARN  no build target for: F:\UCSC Computer Science\2nd Year\First Semester\SCS 2206 - Functional Programming\Practicals\SCS-2208---Functional-Programming\Practical 03\Tutorial3.scala
2022.07.16 23:13:11 WARN  no build target for: F:\UCSC Computer Science\2nd Year\First Semester\SCS 2206 - Functional Programming\Practicals\SCS-2208---Functional-Programming\Practical 03\Tutorial3.scala
2022.07.16 23:13:15 WARN  no build target for: F:\UCSC Computer Science\2nd Year\First Semester\SCS 2206 - Functional Programming\Practicals\SCS-2208---Functional-Programming\Practical 03\Tutorial3.scala
2022.07.16 23:13:18 WARN  no build target for: F:\UCSC Computer Science\2nd Year\First Semester\SCS 2206 - Functional Programming\Practicals\SCS-2208---Functional-Programming\Practical 03\Tutorial3.scala
Jul 16, 2022 11:13:35 PM org.eclipse.lsp4j.jsonrpc.services.GenericEndpoint notify
INFO: Unsupported notification method: $/setTrace
2022.07.16 23:15:52 INFO  shutting down Metals
2022.07.26 09:12:19 INFO  tracing is disabled for protocol LSP, to enable tracing of incoming and outgoing JSON messages create an empty file at f:\UCSC Computer Science\2nd Year\First Semester\SCS 2206 - Functional Programming\Practicals\SCS-2208---Functional-Programming\Practical 03\.metals\lsp.trace.json or C:\Users\stdin\AppData\Local\scalameta\metals\cache\lsp.trace.json
2022.07.26 09:12:20 INFO  logging to file F:\UCSC Computer Science\2nd Year\First Semester\SCS 2206 - Functional Programming\Practicals\SCS-2208---Functional-Programming\Practical 03\.metals\metals.log
2022.07.26 09:12:20 INFO  Started: Metals version 0.11.7 in workspace 'F:\UCSC Computer Science\2nd Year\First Semester\SCS 2206 - Functional Programming\Practicals\SCS-2208---Functional-Programming\Practical 03' for client Visual Studio Code 1.68.0.
2022.07.26 09:12:20 INFO  time: initialize in 0.65s
2022.07.26 09:12:20 WARN  Flyway upgrade recommended: H2 2.1.214 is newer than this version of Flyway and support has not been tested. The latest supported version of H2 is 2.1.210.
2022.07.26 09:12:20 WARN  Build server is not auto-connectable.
2022.07.26 09:12:20 WARN  no build tool detected in workspace 'F:\UCSC Computer Science\2nd Year\First Semester\SCS 2206 - Functional Programming\Practicals\SCS-2208---Functional-Programming\Practical 03'. The most common cause for this problem is that the editor was opened in the wrong working directory, for example if you use sbt then the workspace directory should contain build.sbt. 
2022.07.26 09:12:23 WARN  no build target for: F:\UCSC Computer Science\2nd Year\First Semester\SCS 2206 - Functional Programming\Practicals\SCS-2208---Functional-Programming\Practical 03\Tutorial3.scala
Jul 26, 2022 9:12:23 AM org.eclipse.lsp4j.jsonrpc.RemoteEndpoint handleCancellation
WARNING: Unmatched cancel notification for request id 1
2022.07.26 09:12:23 INFO  shutting down Metals
2022.07.26 09:12:26 INFO  no build target found for F:\UCSC Computer Science\2nd Year\First Semester\SCS 2206 - Functional Programming\Practicals\SCS-2208---Functional-Programming\Practical 03\Tutorial3.scala. Using presentation compiler with project's scala-library version: 3.1.3
2022.07.26 09:12:26 WARN  Flyway upgrade recommended: H2 2.1.214 is newer than this version of Flyway and support has not been tested. The latest supported version of H2 is 2.1.210.
