2022.07.10 14:11:35 INFO  tracing is disabled for protocol LSP, to enable tracing of incoming and outgoing JSON messages create an empty file at f:\UCSC Computer Science\2nd Year\First Semester\SCS 2206 - Functional Programming\Practicals\SCS-2208---Functional-Programming\.metals\lsp.trace.json or C:\Users\stdin\AppData\Local\scalameta\metals\cache\lsp.trace.json
2022.07.10 14:11:35 INFO  logging to file F:\UCSC Computer Science\2nd Year\First Semester\SCS 2206 - Functional Programming\Practicals\SCS-2208---Functional-Programming\.metals\metals.log
2022.07.10 14:11:35 INFO  Started: Metals version 0.11.7 in workspace 'F:\UCSC Computer Science\2nd Year\First Semester\SCS 2206 - Functional Programming\Practicals\SCS-2208---Functional-Programming' for client Visual Studio Code 1.68.0.
2022.07.10 14:11:36 INFO  time: initialize in 0.65s
2022.07.10 14:11:36 WARN  Flyway upgrade recommended: H2 2.1.214 is newer than this version of Flyway and support has not been tested. The latest supported version of H2 is 2.1.210.
2022.07.10 14:11:36 WARN  Build server is not auto-connectable.
2022.07.10 14:11:36 WARN  no build tool detected in workspace 'F:\UCSC Computer Science\2nd Year\First Semester\SCS 2206 - Functional Programming\Practicals\SCS-2208---Functional-Programming'. The most common cause for this problem is that the editor was opened in the wrong working directory, for example if you use sbt then the workspace directory should contain build.sbt. 
2022.07.10 14:11:38 WARN  no build target for: F:\UCSC Computer Science\2nd Year\First Semester\SCS 2206 - Functional Programming\Practicals\SCS-2208---Functional-Programming\Practical 02\Code\q3_advance.scala
2022.07.10 14:11:40 INFO  no build target found for F:\UCSC Computer Science\2nd Year\First Semester\SCS 2206 - Functional Programming\Practicals\SCS-2208---Functional-Programming\Practical 02\Code\q3_advance.scala. Using presentation compiler with project's scala-library version: 3.1.3
2022.07.10 14:11:41 INFO  time: code lens generation in 3.07s
2022.07.10 14:11:52 WARN  no build target for: F:\UCSC Computer Science\2nd Year\First Semester\SCS 2206 - Functional Programming\Practicals\SCS-2208---Functional-Programming\Practical 02\Code\q1.scala
2022.07.10 14:12:42 WARN  no build target for: F:\UCSC Computer Science\2nd Year\First Semester\SCS 2206 - Functional Programming\Practicals\SCS-2208---Functional-Programming\Practical 02\Code\q1.scala
2022.07.10 14:16:01 WARN  no build target for: F:\UCSC Computer Science\2nd Year\First Semester\SCS 2206 - Functional Programming\Practicals\SCS-2208---Functional-Programming\Practical 02\Code\q3.scala
2022.07.10 14:16:02 WARN  no build target for: F:\UCSC Computer Science\2nd Year\First Semester\SCS 2206 - Functional Programming\Practicals\SCS-2208---Functional-Programming\Practical 02\Code\q3_advance.scala
2022.07.10 14:16:18 WARN  no build target for: F:\UCSC Computer Science\2nd Year\First Semester\SCS 2206 - Functional Programming\Practicals\SCS-2208---Functional-Programming\Practical 02\Code\q3_advance.scala
Jul 10, 2022 2:16:21 PM scala.meta.internal.pc.CompilerAccess handleError
SEVERE: Toplevel definition k is defined in
  F:\UCSC Computer Science\2nd Year\First Semester\SCS 2206 - Functional Programming\Practicals\SCS-2208---Functional-Programming\Practical 02\Code\q1.scala
and also in
  F:\UCSC Computer Science\2nd Year\First Semester\SCS 2206 - Functional Programming\Practicals\SCS-2208---Functional-Programming\Practical 02\Code\q3.scala
One of these files should be removed from the classpath.
dotty.tools.dotc.core.TypeError: Toplevel definition k is defined in
  F:\UCSC Computer Science\2nd Year\First Semester\SCS 2206 - Functional Programming\Practicals\SCS-2208---Functional-Programming\Practical 02\Code\q1.scala
and also in
  F:\UCSC Computer Science\2nd Year\First Semester\SCS 2206 - Functional Programming\Practicals\SCS-2208---Functional-Programming\Practical 02\Code\q3.scala
One of these files should be removed from the classpath.
	at dotty.tools.dotc.core.SymDenotations$PackageClassDenotation.dropStale$1(SymDenotations.scala:2431)
	at dotty.tools.dotc.core.SymDenotations$PackageClassDenotation.recur$5(SymDenotations.scala:2395)
	at dotty.tools.dotc.core.SymDenotations$PackageClassDenotation.computeMembersNamed(SymDenotations.scala:2451)
	at dotty.tools.dotc.core.SymDenotations$ClassDenotation.membersNamed(SymDenotations.scala:2010)
	at dotty.tools.dotc.core.SymDenotations$ClassDenotation.findMember(SymDenotations.scala:2061)
	at dotty.tools.dotc.core.Types$Type.go$1(Types.scala:683)
	at dotty.tools.dotc.core.Types$Type.goThis$1(Types.scala:808)
	at dotty.tools.dotc.core.Types$Type.go$1(Types.scala:700)
	at dotty.tools.dotc.core.Types$Type.findMember(Types.scala:876)
	at dotty.tools.dotc.core.Types$Type.memberBasedOnFlags(Types.scala:666)
	at dotty.tools.dotc.core.Types$Type.member(Types.scala:650)
	at dotty.tools.dotc.core.Types$Type.allMembers$$anonfun$1(Types.scala:1017)
	at scala.runtime.function.JProcedure2.apply(JProcedure2.java:15)
	at scala.runtime.function.JProcedure2.apply(JProcedure2.java:10)
	at dotty.tools.dotc.core.Types$Type.memberDenots$$anonfun$1(Types.scala:922)
	at scala.runtime.function.JProcedure1.apply(JProcedure1.java:15)
	at scala.runtime.function.JProcedure1.apply(JProcedure1.java:10)
	at scala.collection.immutable.HashSet.foreach(HashSet.scala:937)
	at dotty.tools.dotc.core.Types$Type.memberDenots(Types.scala:922)
	at dotty.tools.dotc.core.Types$Type.allMembers(Types.scala:1017)
	at scala.meta.internal.pc.IndexedContext$.accesibleMembers$1(IndexedContext.scala:133)
	at scala.meta.internal.pc.IndexedContext$.scala$meta$internal$pc$IndexedContext$$$extractNames(IndexedContext.scala:188)
	at scala.meta.internal.pc.IndexedContext$LazyWrapper.<init>(IndexedContext.scala:83)
	at scala.meta.internal.pc.IndexedContext$.apply(IndexedContext.scala:71)
	at scala.meta.internal.pc.IndexedContext$LazyWrapper.<init>(IndexedContext.scala:82)
	at scala.meta.internal.pc.IndexedContext$.apply(IndexedContext.scala:71)
	at scala.meta.internal.pc.IndexedContext$LazyWrapper.<init>(IndexedContext.scala:82)
	at scala.meta.internal.pc.IndexedContext$.apply(IndexedContext.scala:71)
	at scala.meta.internal.pc.IndexedContext$LazyWrapper.<init>(IndexedContext.scala:82)
	at scala.meta.internal.pc.IndexedContext$.apply(IndexedContext.scala:71)
	at scala.meta.internal.pc.IndexedContext$LazyWrapper.<init>(IndexedContext.scala:82)
	at scala.meta.internal.pc.IndexedContext$.apply(IndexedContext.scala:71)
	at scala.meta.internal.pc.IndexedContext$LazyWrapper.<init>(IndexedContext.scala:82)
	at scala.meta.internal.pc.IndexedContext$.apply(IndexedContext.scala:71)
	at scala.meta.internal.pc.IndexedContext$LazyWrapper.<init>(IndexedContext.scala:82)
	at scala.meta.internal.pc.IndexedContext$.apply(IndexedContext.scala:71)
	at scala.meta.internal.pc.completions.CompletionsProvider.completions(CompletionsProvider.scala:56)

2022.07.10 14:16:22 WARN  no build target for: F:\UCSC Computer Science\2nd Year\First Semester\SCS 2206 - Functional Programming\Practicals\SCS-2208---Functional-Programming\Practical 02\Code\q3_advance.scala
2022.07.10 14:16:25 WARN  no build target for: F:\UCSC Computer Science\2nd Year\First Semester\SCS 2206 - Functional Programming\Practicals\SCS-2208---Functional-Programming\Practical 02\Code\q3_advance.scala
2022.07.10 14:16:28 WARN  no build target for: F:\UCSC Computer Science\2nd Year\First Semester\SCS 2206 - Functional Programming\Practicals\SCS-2208---Functional-Programming\Practical 02\Code\q3_advance.scala
2022.07.10 14:16:31 WARN  no build target for: F:\UCSC Computer Science\2nd Year\First Semester\SCS 2206 - Functional Programming\Practicals\SCS-2208---Functional-Programming\Practical 02\Code\q3_advance.scala
2022.07.10 14:16:35 WARN  no build target for: F:\UCSC Computer Science\2nd Year\First Semester\SCS 2206 - Functional Programming\Practicals\SCS-2208---Functional-Programming\Practical 02\Code\q3_advance.scala
2022.07.10 14:16:37 WARN  no build target for: F:\UCSC Computer Science\2nd Year\First Semester\SCS 2206 - Functional Programming\Practicals\SCS-2208---Functional-Programming\Practical 02\Code\q3_advance.scala
2022.07.10 14:16:39 WARN  no build target for: F:\UCSC Computer Science\2nd Year\First Semester\SCS 2206 - Functional Programming\Practicals\SCS-2208---Functional-Programming\Practical 02\Code\q3_advance.scala
2022.07.10 14:16:44 WARN  no build target for: F:\UCSC Computer Science\2nd Year\First Semester\SCS 2206 - Functional Programming\Practicals\SCS-2208---Functional-Programming\Practical 02\Code\q3_advance.scala
2022.07.10 14:16:59 WARN  no build target for: F:\UCSC Computer Science\2nd Year\First Semester\SCS 2206 - Functional Programming\Practicals\SCS-2208---Functional-Programming\Practical 02\Code\q3_advance.scala
2022.07.10 14:17:02 WARN  no build target for: F:\UCSC Computer Science\2nd Year\First Semester\SCS 2206 - Functional Programming\Practicals\SCS-2208---Functional-Programming\Practical 02\Code\q3_advance.scala
2022.07.10 14:27:25 WARN  no build target for: F:\UCSC Computer Science\2nd Year\First Semester\SCS 2206 - Functional Programming\Practicals\SCS-2208---Functional-Programming\Practical 02\Code\q3.scala
Jul 10, 2022 2:28:03 PM org.eclipse.lsp4j.jsonrpc.RemoteEndpoint handleCancellation
WARNING: Unmatched cancel notification for request id 199
2022.07.10 14:28:10 WARN  no build target for: F:\UCSC Computer Science\2nd Year\First Semester\SCS 2206 - Functional Programming\Practicals\SCS-2208---Functional-Programming\Practical 02\Code\q3.scala
2022.07.10 14:28:12 WARN  no build target for: F:\UCSC Computer Science\2nd Year\First Semester\SCS 2206 - Functional Programming\Practicals\SCS-2208---Functional-Programming\Practical 02\Code\q3.scala
2022.07.10 14:28:17 WARN  no build target for: F:\UCSC Computer Science\2nd Year\First Semester\SCS 2206 - Functional Programming\Practicals\SCS-2208---Functional-Programming\Practical 02\Code\q3.scala
2022.07.10 14:28:19 WARN  no build target for: F:\UCSC Computer Science\2nd Year\First Semester\SCS 2206 - Functional Programming\Practicals\SCS-2208---Functional-Programming\Practical 02\Code\q3.scala
2022.07.10 14:28:31 WARN  no build target for: F:\UCSC Computer Science\2nd Year\First Semester\SCS 2206 - Functional Programming\Practicals\SCS-2208---Functional-Programming\Practical 02\Code\q3.scala
2022.07.10 14:28:41 WARN  no build target for: F:\UCSC Computer Science\2nd Year\First Semester\SCS 2206 - Functional Programming\Practicals\SCS-2208---Functional-Programming\Practical 02\Code\q3.scala
2022.07.10 14:28:44 WARN  no build target for: F:\UCSC Computer Science\2nd Year\First Semester\SCS 2206 - Functional Programming\Practicals\SCS-2208---Functional-Programming\Practical 02\Code\q3.scala
2022.07.10 14:29:33 WARN  no build target for: F:\UCSC Computer Science\2nd Year\First Semester\SCS 2206 - Functional Programming\Practicals\SCS-2208---Functional-Programming\Practical 02\Code\q3.scala
2022.07.10 14:33:32 WARN  no build target for: F:\UCSC Computer Science\2nd Year\First Semester\SCS 2206 - Functional Programming\Practicals\SCS-2208---Functional-Programming\Practical 02\Code\q3.scala
2022.07.10 14:33:35 WARN  no build target for: F:\UCSC Computer Science\2nd Year\First Semester\SCS 2206 - Functional Programming\Practicals\SCS-2208---Functional-Programming\Practical 02\Code\q3.scala
2022.07.10 14:34:12 WARN  no build target for: F:\UCSC Computer Science\2nd Year\First Semester\SCS 2206 - Functional Programming\Practicals\SCS-2208---Functional-Programming\Practical 02\Code\q3.scala
2022.07.10 14:34:57 WARN  no build target for: F:\UCSC Computer Science\2nd Year\First Semester\SCS 2206 - Functional Programming\Practicals\SCS-2208---Functional-Programming\Practical 02\Code\q3_advance.scala
2022.07.10 14:36:09 INFO  shutting down Metals
